# JRE version: Java(TM) SE Runtime Environment (8.0_181-b13) (build 1.8.0_181-b13)
# Java VM: Java HotSpot(TM) 64-Bit Server VM (25.181-b13 mixed mode windows-amd64 compressed oops)
Heap:
 PSYoungGen      total 97792K, used 922K [0x00000000eab00000, 0x00000000f1b80000, 0x0000000100000000)
  eden space 81408K, 1% used [0x00000000eab00000,0x00000000eabe6880,0x00000000efa80000)
  from space 16384K, 0% used [0x00000000f0b80000,0x00000000f0b80000,0x00000000f1b80000)
  to   space 16896K, 0% used [0x00000000efa80000,0x00000000efa80000,0x00000000f0b00000)
 ParOldGen       total 456192K, used 145414K [0x00000000c0000000, 0x00000000dbd80000, 0x00000000eab00000)
  object space 456192K, 31% used [0x00000000c0000000,0x00000000c8e01ac0,0x00000000dbd80000)
 Metaspace       used 180277K, capacity 193953K, committed 194240K, reserved 1218560K
  class space    used 20376K, capacity 24496K, committed 24576K, reserved 1048576K
GC Heap History (10 events):
Event: 88241.341 GC heap before
{Heap before GC invocations=1395 (full 558):
 PSYoungGen      total 93184K, used 80896K [0x00000000eab00000, 0x00000000f1500000, 0x0000000100000000)
  eden space 80896K, 100% used [0x00000000eab00000,0x00000000efa00000,0x00000000efa00000)
  from space 12288K, 0% used [0x00000000f0700000,0x00000000f0700000,0x00000000f1300000)
  to   space 13312K, 0% used [0x00000000efa00000,0x00000000efa00000,0x00000000f0700000)
 ParOldGen       total 456192K, used 143105K [0x00000000c0000000, 0x00000000dbd80000, 0x00000000eab00000)
  object space 456192K, 31% used [0x00000000c0000000,0x00000000c8bc0458,0x00000000dbd80000)
 Metaspace       used 180262K, capacity 193883K, committed 194240K, reserved 1218560K
  class space    used 20376K, capacity 24495K, committed 24576K, reserved 1048576K
Event: 88241.346 GC heap after
Heap after GC invocations=1395 (full 558):
 PSYoungGen      total 94208K, used 4096K [0x00000000eab00000, 0x00000000f1380000, 0x0000000100000000)
  eden space 80896K, 0% used [0x00000000eab00000,0x00000000eab00000,0x00000000efa00000)
  from space 13312K, 30% used [0x00000000efa00000,0x00000000efe00330,0x00000000f0700000)
  to   space 12800K, 0% used [0x00000000f0700000,0x00000000f0700000,0x00000000f1380000)
 ParOldGen       total 456192K, used 143105K [0x00000000c0000000, 0x00000000dbd80000, 0x00000000eab00000)
  object space 456192K, 31% used [0x00000000c0000000,0x00000000c8bc0458,0x00000000dbd80000)
 Metaspace       used 180262K, capacity 193883K, committed 194240K, reserved 1218560K
  class space    used 20376K, capacity 24495K, committed 24576K, reserved 1048576K
}
Event: 88258.585 GC heap before
{Heap before GC invocations=1396 (full 558):
 PSYoungGen      total 94208K, used 84992K [0x00000000eab00000, 0x00000000f1380000, 0x0000000100000000)
  eden space 80896K, 100% used [0x00000000eab00000,0x00000000efa00000,0x00000000efa00000)
  from space 13312K, 30% used [0x00000000efa00000,0x00000000efe00330,0x00000000f0700000)
  to   space 12800K, 0% used [0x00000000f0700000,0x00000000f0700000,0x00000000f1380000)
 ParOldGen       total 456192K, used 143105K [0x00000000c0000000, 0x00000000dbd80000, 0x00000000eab00000)
  object space 456192K, 31% used [0x00000000c0000000,0x00000000c8bc0458,0x00000000dbd80000)
 Metaspace       used 180264K, capacity 193883K, committed 194240K, reserved 1218560K
  class space    used 20376K, capacity 24495K, committed 24576K, reserved 1048576K
Event: 88258.590 GC heap after
Heap after GC invocations=1396 (full 558):
 PSYoungGen      total 93696K, used 8267K [0x00000000eab00000, 0x00000000f1480000, 0x0000000100000000)
  eden space 80896K, 0% used [0x00000000eab00000,0x00000000eab00000,0x00000000efa00000)
  from space 12800K, 64% used [0x00000000f0700000,0x00000000f0f12d08,0x00000000f1380000)
  to   space 13312K, 0% used [0x00000000efa00000,0x00000000efa00000,0x00000000f0700000)
 ParOldGen       total 456192K, used 143105K [0x00000000c0000000, 0x00000000dbd80000, 0x00000000eab00000)
  object space 456192K, 31% used [0x00000000c0000000,0x00000000c8bc0458,0x00000000dbd80000)
 Metaspace       used 180264K, capacity 193883K, committed 194240K, reserved 1218560K
  class space    used 20376K, capacity 24495K, committed 24576K, reserved 1048576K
}
Event: 88283.452 GC heap before
{Heap before GC invocations=1397 (full 558):
 PSYoungGen      total 93696K, used 87843K [0x00000000eab00000, 0x00000000f1480000, 0x0000000100000000)
  eden space 80896K, 98% used [0x00000000eab00000,0x00000000ef8b60b0,0x00000000efa00000)
  from space 12800K, 64% used [0x00000000f0700000,0x00000000f0f12d08,0x00000000f1380000)
  to   space 13312K, 0% used [0x00000000efa00000,0x00000000efa00000,0x00000000f0700000)
 ParOldGen       total 456192K, used 143105K [0x00000000c0000000, 0x00000000dbd80000, 0x00000000eab00000)
  object space 456192K, 31% used [0x00000000c0000000,0x00000000c8bc0458,0x00000000dbd80000)
 Metaspace       used 180266K, capacity 193883K, committed 194240K, reserved 1218560K
  class space    used 20376K, capacity 24495K, committed 24576K, reserved 1048576K
Event: 88283.458 GC heap after
Heap after GC invocations=1397 (full 558):
 PSYoungGen      total 94208K, used 13300K [0x00000000eab00000, 0x00000000f1c80000, 0x0000000100000000)
  eden space 80896K, 0% used [0x00000000eab00000,0x00000000eab00000,0x00000000efa00000)
  from space 13312K, 99% used [0x00000000efa00000,0x00000000f06fd178,0x00000000f0700000)
  to   space 17408K, 0% used [0x00000000f0b80000,0x00000000f0b80000,0x00000000f1c80000)
 ParOldGen       total 456192K, used 148528K [0x00000000c0000000, 0x00000000dbd80000, 0x00000000eab00000)
  object space 456192K, 32% used [0x00000000c0000000,0x00000000c910c190,0x00000000dbd80000)
 Metaspace       used 180266K, capacity 193883K, committed 194240K, reserved 1218560K
  class space    used 20376K, capacity 24495K, committed 24576K, reserved 1048576K
}
Event: 88301.396 GC heap before
{Heap before GC invocations=1398 (full 558):
 PSYoungGen      total 94208K, used 70620K [0x00000000eab00000, 0x00000000f1c80000, 0x0000000100000000)
  eden space 80896K, 70% used [0x00000000eab00000,0x00000000ee2fa018,0x00000000efa00000)
  from space 13312K, 99% used [0x00000000efa00000,0x00000000f06fd178,0x00000000f0700000)
  to   space 17408K, 0% used [0x00000000f0b80000,0x00000000f0b80000,0x00000000f1c80000)
 ParOldGen       total 456192K, used 148528K [0x00000000c0000000, 0x00000000dbd80000, 0x00000000eab00000)
  object space 456192K, 32% used [0x00000000c0000000,0x00000000c910c190,0x00000000dbd80000)
 Metaspace       used 180277K, capacity 193953K, committed 194240K, reserved 1218560K
  class space    used 20376K, capacity 24496K, committed 24576K, reserved 1048576K
Event: 88301.401 GC heap after
Heap after GC invocations=1398 (full 558):
 PSYoungGen      total 97792K, used 7314K [0x00000000eab00000, 0x00000000f1b80000, 0x0000000100000000)
  eden space 81408K, 0% used [0x00000000eab00000,0x00000000eab00000,0x00000000efa80000)
  from space 16384K, 44% used [0x00000000f0b80000,0x00000000f12a4970,0x00000000f1b80000)
  to   space 16896K, 0% used [0x00000000efa80000,0x00000000efa80000,0x00000000f0b00000)
 ParOldGen       total 456192K, used 148528K [0x00000000c0000000, 0x00000000dbd80000, 0x00000000eab00000)
  object space 456192K, 32% used [0x00000000c0000000,0x00000000c910c190,0x00000000dbd80000)
 Metaspace       used 180277K, capacity 193953K, committed 194240K, reserved 1218560K
  class space    used 20376K, capacity 24496K, committed 24576K, reserved 1048576K
}
Event: 88301.401 GC heap before
{Heap before GC invocations=1399 (full 559):
 PSYoungGen      total 97792K, used 7314K [0x00000000eab00000, 0x00000000f1b80000, 0x0000000100000000)
  eden space 81408K, 0% used [0x00000000eab00000,0x00000000eab00000,0x00000000efa80000)
  from space 16384K, 44% used [0x00000000f0b80000,0x00000000f12a4970,0x00000000f1b80000)
  to   space 16896K, 0% used [0x00000000efa80000,0x00000000efa80000,0x00000000f0b00000)
 ParOldGen       total 456192K, used 148528K [0x00000000c0000000, 0x00000000dbd80000, 0x00000000eab00000)
  object space 456192K, 32% used [0x00000000c0000000,0x00000000c910c190,0x00000000dbd80000)
 Metaspace       used 180277K, capacity 193953K, committed 194240K, reserved 1218560K
  class space    used 20376K, capacity 24496K, committed 24576K, reserved 1048576K
Event: 88301.709 GC heap after
Heap after GC invocations=1399 (full 559):
 PSYoungGen      total 97792K, used 0K [0x00000000eab00000, 0x00000000f1b80000, 0x0000000100000000)
  eden space 81408K, 0% used [0x00000000eab00000,0x00000000eab00000,0x00000000efa80000)
  from space 16384K, 0% used [0x00000000f0b80000,0x00000000f0b80000,0x00000000f1b80000)
  to   space 16896K, 0% used [0x00000000efa80000,0x00000000efa80000,0x00000000f0b00000)
 ParOldGen       total 456192K, used 145414K [0x00000000c0000000, 0x00000000dbd80000, 0x00000000eab00000)
  object space 456192K, 31% used [0x00000000c0000000,0x00000000c8e01ac0,0x00000000dbd80000)
 Metaspace       used 180277K, capacity 193953K, committed 194240K, reserved 1218560K
  class space    used 20376K, capacity 24496K, committed 24576K, reserved 1048576K
}

